<?xml version="1.0" encoding="UTF-8"?>
<testsuite xmlns:xsi="http://www.w3.org/2001/XMLSchema-instance" xsi:noNamespaceSchemaLocation="https://maven.apache.org/surefire/maven-surefire-plugin/xsd/surefire-test-report-3.0.xsd" version="3.0" name="com.example.tallermecanicoserverv2.TallerMecanicoServerv2ApplicationTests" time="3.746" tests="2" errors="0" skipped="0" failures="0">
  <properties>
[...]
</properties>
  <testcase name="requestInformation" classname="com.example.tallermecanicoserverv2.TallerMecanicoServerv2ApplicationTests" time="0.674">
    <system-out><![CDATA[09:59:23.386 [main] INFO org.springframework.test.context.support.AnnotationConfigContextLoaderUtils -- Could not detect default configuration classes for test class [com.example.tallermecanicoserverv2.TallerMecanicoServerv2ApplicationTests]: TallerMecanicoServerv2ApplicationTests does not declare any static, non-private, non-final, nested classes annotated with @Configuration.
09:59:23.484 [main] INFO org.springframework.boot.test.context.SpringBootTestContextBootstrapper -- Found @SpringBootConfiguration com.example.tallermecanicoserverv2.TallerMecanicoServerv2Application for test class com.example.tallermecanicoserverv2.TallerMecanicoServerv2ApplicationTests

  .   ____          _            __ _ _
 /\\ / ___'_ __ _ _(_)_ __  __ _ \ \ \ \
( ( )\___ | '_ | '_| | '_ \/ _` | \ \ \ \
 \\/  ___)| |_)| | | | | || (_| |  ) ) ) )
  '  |____| .__|_| |_|_| |_\__, | / / / /
 =========|_|==============|___/=/_/_/_/
 :: Spring Boot ::                (v3.2.5)

2026-02-21T09:59:23.788-06:00  INFO 5508 --- [           main] t.TallerMecanicoServerv2ApplicationTests : Starting TallerMecanicoServerv2ApplicationTests using Java 21.0.10 with PID 5508 (started by claudio-dev-pc in /home/claudio-dev-pc/Documents/SOFTWARE APPS/WEB FULLSTACK/Taller-Mecanico-ERP/Proyecto-Taller-Mecanico-server)
2026-02-21T09:59:23.790-06:00  INFO 5508 --- [           main] t.TallerMecanicoServerv2ApplicationTests : No active profile set, falling back to 1 default profile: "default"
2026-02-21T09:59:24.374-06:00  INFO 5508 --- [           main] .s.d.r.c.RepositoryConfigurationDelegate : Bootstrapping Spring Data MongoDB repositories in DEFAULT mode.
2026-02-21T09:59:24.418-06:00  INFO 5508 --- [           main] .s.d.r.c.RepositoryConfigurationDelegate : Finished Spring Data repository scanning in 40 ms. Found 9 MongoDB repository interfaces.
2026-02-21T09:59:25.106-06:00  INFO 5508 --- [           main] org.mongodb.driver.client                : MongoClient with metadata {"driver": {"name": "mongo-java-driver|sync|spring-boot", "version": "4.11.2"}, "os": {"type": "Linux", "name": "Linux", "architecture": "amd64", "version": "6.18.10-200.fc43.x86_64"}, "platform": "Java/Amazon.com Inc./21.0.10+7-LTS"} created with settings MongoClientSettings{readPreference=primary, writeConcern=WriteConcern{w=majority, wTimeout=null ms, journal=null}, retryWrites=true, retryReads=true, readConcern=ReadConcern{level=null}, credential=MongoCredential{mechanism=null, userName='SuperUserTallerMecanico', source='admin', password=<hidden>, mechanismProperties=<hidden>}, transportSettings=null, streamFactoryFactory=null, commandListeners=[io.micrometer.core.instrument.binder.mongodb.MongoMetricsCommandListener@de77146], codecRegistry=ProvidersCodecRegistry{codecProviders=[ValueCodecProvider{}, BsonValueCodecProvider{}, DBRefCodecProvider{}, DBObjectCodecProvider{}, DocumentCodecProvider{}, CollectionCodecProvider{}, IterableCodecProvider{}, MapCodecProvider{}, GeoJsonCodecProvider{}, GridFSFileCodecProvider{}, Jsr310CodecProvider{}, JsonObjectCodecProvider{}, BsonCodecProvider{}, EnumCodecProvider{}, com.mongodb.client.model.mql.ExpressionCodecProvider@691567ea, com.mongodb.Jep395RecordCodecProvider@5cfed0ba, com.mongodb.KotlinCodecProvider@5c8d58ed]}, loggerSettings=LoggerSettings{maxDocumentLength=1000}, clusterSettings={hosts=[127.0.0.1:27017], srvHost=tallermecanicodbenvirom.w4fhwmy.mongodb.net, srvServiceName=mongodb, mode=MULTIPLE, requiredClusterType=REPLICA_SET, requiredReplicaSetName='atlas-10zmcl-shard-0', serverSelector='null', clusterListeners='[]', serverSelectionTimeout='30000 ms', localThreshold='15 ms'}, socketSettings=SocketSettings{connectTimeoutMS=10000, readTimeoutMS=0, receiveBufferSize=0, proxySettings=ProxySettings{host=null, port=null, username=null, password=null}}, heartbeatSocketSettings=SocketSettings{connectTimeoutMS=10000, readTimeoutMS=10000, receiveBufferSize=0, proxySettings=ProxySettings{host=null, port=null, username=null, password=null}}, connectionPoolSettings=ConnectionPoolSettings{maxSize=100, minSize=0, maxWaitTimeMS=120000, maxConnectionLifeTimeMS=0, maxConnectionIdleTimeMS=0, maintenanceInitialDelayMS=0, maintenanceFrequencyMS=60000, connectionPoolListeners=[io.micrometer.core.instrument.binder.mongodb.MongoMetricsConnectionPoolListener@6a567f7b], maxConnecting=2}, serverSettings=ServerSettings{heartbeatFrequencyMS=10000, minHeartbeatFrequencyMS=500, serverListeners='[]', serverMonitorListeners='[]'}, sslSettings=SslSettings{enabled=true, invalidHostNameAllowed=false, context=null}, applicationName='null', compressorList=[], uuidRepresentation=JAVA_LEGACY, serverApi=null, autoEncryptionSettings=null, dnsClient=null, inetAddressResolver=null, contextProvider=null}
2026-02-21T09:59:25.142-06:00  INFO 5508 --- [wmy.mongodb.net] org.mongodb.driver.cluster               : Adding discovered server ac-w9ati3h-shard-00-01.w4fhwmy.mongodb.net:27017 to client view of cluster
2026-02-21T09:59:25.162-06:00  INFO 5508 --- [wmy.mongodb.net] org.mongodb.driver.cluster               : Adding discovered server ac-w9ati3h-shard-00-02.w4fhwmy.mongodb.net:27017 to client view of cluster
2026-02-21T09:59:25.165-06:00  INFO 5508 --- [wmy.mongodb.net] org.mongodb.driver.cluster               : Adding discovered server ac-w9ati3h-shard-00-00.w4fhwmy.mongodb.net:27017 to client view of cluster
2026-02-21T09:59:25.654-06:00  INFO 5508 --- [           main] o.s.b.a.w.s.WelcomePageHandlerMapping    : Adding welcome page template: index
2026-02-21T09:59:25.724-06:00  WARN 5508 --- [           main] s.w.s.m.m.a.RequestMappingHandlerMapping : Multiple @RequestMapping annotations found on public org.springframework.http.ResponseEntity com.example.tallermecanicoserverv2.Controllers.TallerServerController.Home(), but only the first will be used: [@org.springframework.web.bind.annotation.RequestMapping(consumes={}, headers={}, method={}, name="", params={}, path={"/"}, produces={}, value={"/"}), @org.springframework.web.bind.annotation.GetMapping(consumes={}, headers={}, name="", params={}, path={}, produces={}, value={})]
2026-02-21T09:59:25.725-06:00  WARN 5508 --- [           main] s.w.s.m.m.a.RequestMappingHandlerMapping : Multiple @RequestMapping annotations found on public org.springframework.http.ResponseEntity com.example.tallermecanicoserverv2.Controllers.TallerServerController.getHealth(), but only the first will be used: [@org.springframework.web.bind.annotation.RequestMapping(consumes={}, headers={}, method={}, name="", params={}, path={"/status"}, produces={}, value={"/status"}), @org.springframework.web.bind.annotation.GetMapping(consumes={}, headers={}, name="", params={}, path={}, produces={}, value={})]
2026-02-21T09:59:25.923-06:00  INFO 5508 --- [ngodb.net:27017] org.mongodb.driver.cluster               : Monitor thread successfully connected to server with description ServerDescription{address=ac-w9ati3h-shard-00-00.w4fhwmy.mongodb.net:27017, type=REPLICA_SET_SECONDARY, state=CONNECTED, ok=true, minWireVersion=0, maxWireVersion=25, maxDocumentSize=16777216, logicalSessionTimeoutMinutes=30, roundTripTimeNanos=401636135, setName='atlas-10zmcl-shard-0', canonicalAddress=ac-w9ati3h-shard-00-00.w4fhwmy.mongodb.net:27017, hosts=[ac-w9ati3h-shard-00-01.w4fhwmy.mongodb.net:27017, ac-w9ati3h-shard-00-00.w4fhwmy.mongodb.net:27017, ac-w9ati3h-shard-00-02.w4fhwmy.mongodb.net:27017], passives=[], arbiters=[], primary='ac-w9ati3h-shard-00-01.w4fhwmy.mongodb.net:27017', tagSet=TagSet{[Tag{name='availabilityZone', value='use1-az6'}, Tag{name='diskState', value='READY'}, Tag{name='nodeType', value='ELECTABLE'}, Tag{name='provider', value='AWS'}, Tag{name='region', value='US_EAST_1'}, Tag{name='workloadType', value='OPERATIONAL'}]}, electionId=null, setVersion=143, topologyVersion=TopologyVersion{processId=698e3463c23bb3b0d4f529bc, counter=4}, lastWriteDate=Sat Feb 21 09:59:25 CST 2026, lastUpdateTimeNanos=16438227564213}
2026-02-21T09:59:25.924-06:00  INFO 5508 --- [ngodb.net:27017] org.mongodb.driver.cluster               : Monitor thread successfully connected to server with description ServerDescription{address=ac-w9ati3h-shard-00-01.w4fhwmy.mongodb.net:27017, type=REPLICA_SET_PRIMARY, state=CONNECTED, ok=true, minWireVersion=0, maxWireVersion=25, maxDocumentSize=16777216, logicalSessionTimeoutMinutes=30, roundTripTimeNanos=401651684, setName='atlas-10zmcl-shard-0', canonicalAddress=ac-w9ati3h-shard-00-01.w4fhwmy.mongodb.net:27017, hosts=[ac-w9ati3h-shard-00-01.w4fhwmy.mongodb.net:27017, ac-w9ati3h-shard-00-00.w4fhwmy.mongodb.net:27017, ac-w9ati3h-shard-00-02.w4fhwmy.mongodb.net:27017], passives=[], arbiters=[], primary='ac-w9ati3h-shard-00-01.w4fhwmy.mongodb.net:27017', tagSet=TagSet{[Tag{name='availabilityZone', value='use1-az1'}, Tag{name='diskState', value='READY'}, Tag{name='nodeType', value='ELECTABLE'}, Tag{name='provider', value='AWS'}, Tag{name='region', value='US_EAST_1'}, Tag{name='workloadType', value='OPERATIONAL'}]}, electionId=7fffffff00000000000001a9, setVersion=143, topologyVersion=TopologyVersion{processId=698e369db7432654ed92f810, counter=6}, lastWriteDate=Sat Feb 21 09:59:25 CST 2026, lastUpdateTimeNanos=16438227556458}
2026-02-21T09:59:25.923-06:00  INFO 5508 --- [ngodb.net:27017] org.mongodb.driver.cluster               : Monitor thread successfully connected to server with description ServerDescription{address=ac-w9ati3h-shard-00-02.w4fhwmy.mongodb.net:27017, type=REPLICA_SET_SECONDARY, state=CONNECTED, ok=true, minWireVersion=0, maxWireVersion=25, maxDocumentSize=16777216, logicalSessionTimeoutMinutes=30, roundTripTimeNanos=401614363, setName='atlas-10zmcl-shard-0', canonicalAddress=ac-w9ati3h-shard-00-02.w4fhwmy.mongodb.net:27017, hosts=[ac-w9ati3h-shard-00-01.w4fhwmy.mongodb.net:27017, ac-w9ati3h-shard-00-00.w4fhwmy.mongodb.net:27017, ac-w9ati3h-shard-00-02.w4fhwmy.mongodb.net:27017], passives=[], arbiters=[], primary='ac-w9ati3h-shard-00-01.w4fhwmy.mongodb.net:27017', tagSet=TagSet{[Tag{name='availabilityZone', value='use1-az2'}, Tag{name='diskState', value='READY'}, Tag{name='nodeType', value='ELECTABLE'}, Tag{name='provider', value='AWS'}, Tag{name='region', value='US_EAST_1'}, Tag{name='workloadType', value='OPERATIONAL'}]}, electionId=null, setVersion=143, topologyVersion=TopologyVersion{processId=698e390df3b6797ee43622c6, counter=3}, lastWriteDate=Sat Feb 21 09:59:25 CST 2026, lastUpdateTimeNanos=16438227504549}
2026-02-21T09:59:25.927-06:00  INFO 5508 --- [ngodb.net:27017] org.mongodb.driver.cluster               : Discovered replica set primary ac-w9ati3h-shard-00-01.w4fhwmy.mongodb.net:27017 with max election id 7fffffff00000000000001a9 and max set version 143
2026-02-21T09:59:26.182-06:00  INFO 5508 --- [           main] o.s.b.a.e.web.EndpointLinksResolver      : Exposing 1 endpoint(s) beneath base path '/actuator'
2026-02-21T09:59:26.238-06:00  INFO 5508 --- [           main] t.TallerMecanicoServerv2ApplicationTests : Started TallerMecanicoServerv2ApplicationTests in 2.643 seconds (process running for 3.356)
]]></system-out>
    <system-err><![CDATA[WARNING: A Java agent has been loaded dynamically (/home/claudio-dev-pc/.m2/repository/net/bytebuddy/byte-buddy-agent/1.14.13/byte-buddy-agent-1.14.13.jar)
WARNING: If a serviceability tool is in use, please run with -XX:+EnableDynamicAgentLoading to hide this warning
WARNING: If a serviceability tool is not in use, please run with -Djdk.instrument.traceUsage for more information
WARNING: Dynamic loading of agents will be disallowed by default in a future release
]]></system-err>
  </testcase>
  <testcase name="contextLoads" classname="com.example.tallermecanicoserverv2.TallerMecanicoServerv2ApplicationTests" time="0.004"/>
</testsuite>