<?xml version="1.0" encoding="UTF-8"?>
<testsuite xmlns:xsi="http://www.w3.org/2001/XMLSchema-instance" xsi:noNamespaceSchemaLocation="https://maven.apache.org/surefire/maven-surefire-plugin/xsd/surefire-test-report-3.0.xsd" version="3.0" name="com.example.tallermecanicoserverv2.TallerMecanicoServerv2ApplicationTests" time="1.988" tests="1" errors="0" skipped="0" failures="0">
  <properties>
[...]
</properties>
  <testcase name="contextLoads" classname="com.example.tallermecanicoserverv2.TallerMecanicoServerv2ApplicationTests" time="0.425">
    <system-out><![CDATA[10:59:18.188 [main] INFO org.springframework.test.context.support.AnnotationConfigContextLoaderUtils -- Could not detect default configuration classes for test class [com.example.tallermecanicoserverv2.TallerMecanicoServerv2ApplicationTests]: TallerMecanicoServerv2ApplicationTests does not declare any static, non-private, non-final, nested classes annotated with @Configuration.
10:59:18.230 [main] INFO org.springframework.boot.test.context.SpringBootTestContextBootstrapper -- Found @SpringBootConfiguration com.example.tallermecanicoserverv2.TallerMecanicoServerv2Application for test class com.example.tallermecanicoserverv2.TallerMecanicoServerv2ApplicationTests

  .   ____          _            __ _ _
 /\\ / ___'_ __ _ _(_)_ __  __ _ \ \ \ \
( ( )\___ | '_ | '_| | '_ \/ _` | \ \ \ \
 \\/  ___)| |_)| | | | | || (_| |  ) ) ) )
  '  |____| .__|_| |_|_| |_\__, | / / / /
 =========|_|==============|___/=/_/_/_/
 :: Spring Boot ::                (v3.1.3)

2024-07-12T10:59:18.377-06:00  INFO 65130 --- [           main] t.TallerMecanicoServerv2ApplicationTests : Starting TallerMecanicoServerv2ApplicationTests using Java 20.0.1 with PID 65130 (started by claudiogonzalezhernandez in /Users/claudiogonzalezhernandez/Desktop/PROYECTOS PERSONALES/TALLER MECANICO APP/Proyecto-Taller-Mecanico-server)
2024-07-12T10:59:18.377-06:00  INFO 65130 --- [           main] t.TallerMecanicoServerv2ApplicationTests : No active profile set, falling back to 1 default profile: "default"
2024-07-12T10:59:18.621-06:00  INFO 65130 --- [           main] .s.d.r.c.RepositoryConfigurationDelegate : Bootstrapping Spring Data MongoDB repositories in DEFAULT mode.
2024-07-12T10:59:18.641-06:00  INFO 65130 --- [           main] .s.d.r.c.RepositoryConfigurationDelegate : Finished Spring Data repository scanning in 18 ms. Found 9 MongoDB repository interfaces.
2024-07-12T10:59:19.095-06:00  INFO 65130 --- [           main] org.mongodb.driver.client                : MongoClient with metadata {"driver": {"name": "mongo-java-driver|sync|spring-boot", "version": "4.9.1"}, "os": {"type": "Darwin", "name": "Mac OS X", "architecture": "aarch64", "version": "14.5"}, "platform": "Java/Oracle Corporation/20.0.1+9-29"} created with settings MongoClientSettings{readPreference=primary, writeConcern=WriteConcern{w=majority, wTimeout=null ms, journal=null}, retryWrites=true, retryReads=true, readConcern=ReadConcern{level=null}, credential=MongoCredential{mechanism=null, userName='SuperUserTallerMecanico', source='admin', password=<hidden>, mechanismProperties=<hidden>}, streamFactoryFactory=null, commandListeners=[io.micrometer.core.instrument.binder.mongodb.MongoMetricsCommandListener@2443135], codecRegistry=ProvidersCodecRegistry{codecProviders=[ValueCodecProvider{}, BsonValueCodecProvider{}, DBRefCodecProvider{}, DBObjectCodecProvider{}, DocumentCodecProvider{}, CollectionCodecProvider{}, IterableCodecProvider{}, MapCodecProvider{}, GeoJsonCodecProvider{}, GridFSFileCodecProvider{}, Jsr310CodecProvider{}, JsonObjectCodecProvider{}, BsonCodecProvider{}, EnumCodecProvider{}, com.mongodb.client.model.mql.ExpressionCodecProvider@184823ed, com.mongodb.Jep395RecordCodecProvider@30bbcf91]}, loggerSettings=LoggerSettings{maxDocumentLength=1000}, clusterSettings={hosts=[127.0.0.1:27017], srvHost=tallermecanicodbenvirom.w4fhwmy.mongodb.net, srvServiceName=mongodb, mode=MULTIPLE, requiredClusterType=REPLICA_SET, requiredReplicaSetName='atlas-10zmcl-shard-0', serverSelector='null', clusterListeners='[]', serverSelectionTimeout='30000 ms', localThreshold='30000 ms'}, socketSettings=SocketSettings{connectTimeoutMS=10000, readTimeoutMS=0, receiveBufferSize=0, sendBufferSize=0}, heartbeatSocketSettings=SocketSettings{connectTimeoutMS=10000, readTimeoutMS=10000, receiveBufferSize=0, sendBufferSize=0}, connectionPoolSettings=ConnectionPoolSettings{maxSize=100, minSize=0, maxWaitTimeMS=120000, maxConnectionLifeTimeMS=0, maxConnectionIdleTimeMS=0, maintenanceInitialDelayMS=0, maintenanceFrequencyMS=60000, connectionPoolListeners=[io.micrometer.core.instrument.binder.mongodb.MongoMetricsConnectionPoolListener@3ca14cf4], maxConnecting=2}, serverSettings=ServerSettings{heartbeatFrequencyMS=10000, minHeartbeatFrequencyMS=500, serverListeners='[]', serverMonitorListeners='[]'}, sslSettings=SslSettings{enabled=true, invalidHostNameAllowed=false, context=null}, applicationName='null', compressorList=[], uuidRepresentation=JAVA_LEGACY, serverApi=null, autoEncryptionSettings=null, contextProvider=null}
2024-07-12T10:59:19.213-06:00  INFO 65130 --- [wmy.mongodb.net] org.mongodb.driver.cluster               : Adding discovered server ac-w9ati3h-shard-00-01.w4fhwmy.mongodb.net:27017 to client view of cluster
2024-07-12T10:59:19.223-06:00  INFO 65130 --- [wmy.mongodb.net] org.mongodb.driver.cluster               : Adding discovered server ac-w9ati3h-shard-00-02.w4fhwmy.mongodb.net:27017 to client view of cluster
2024-07-12T10:59:19.224-06:00  INFO 65130 --- [wmy.mongodb.net] org.mongodb.driver.cluster               : Adding discovered server ac-w9ati3h-shard-00-00.w4fhwmy.mongodb.net:27017 to client view of cluster
2024-07-12T10:59:19.453-06:00  INFO 65130 --- [           main] o.s.b.a.w.s.WelcomePageHandlerMapping    : Adding welcome page template: index
2024-07-12T10:59:19.602-06:00  INFO 65130 --- [           main] o.s.b.a.e.web.EndpointLinksResolver      : Exposing 1 endpoint(s) beneath base path '/actuator'
2024-07-12T10:59:19.627-06:00  INFO 65130 --- [           main] t.TallerMecanicoServerv2ApplicationTests : Started TallerMecanicoServerv2ApplicationTests in 1.343 seconds (process running for 1.701)
2024-07-12T10:59:19.907-06:00  INFO 65130 --- [ngodb.net:27017] org.mongodb.driver.cluster               : Monitor thread successfully connected to server with description ServerDescription{address=ac-w9ati3h-shard-00-01.w4fhwmy.mongodb.net:27017, type=REPLICA_SET_PRIMARY, state=CONNECTED, ok=true, minWireVersion=0, maxWireVersion=21, maxDocumentSize=16777216, logicalSessionTimeoutMinutes=30, roundTripTimeNanos=278107500, setName='atlas-10zmcl-shard-0', canonicalAddress=ac-w9ati3h-shard-00-01.w4fhwmy.mongodb.net:27017, hosts=[ac-w9ati3h-shard-00-01.w4fhwmy.mongodb.net:27017, ac-w9ati3h-shard-00-00.w4fhwmy.mongodb.net:27017, ac-w9ati3h-shard-00-02.w4fhwmy.mongodb.net:27017], passives=[], arbiters=[], primary='ac-w9ati3h-shard-00-01.w4fhwmy.mongodb.net:27017', tagSet=TagSet{[Tag{name='availabilityZone', value='use1-az1'}, Tag{name='diskState', value='READY'}, Tag{name='nodeType', value='ELECTABLE'}, Tag{name='provider', value='AWS'}, Tag{name='region', value='US_EAST_1'}, Tag{name='workloadType', value='OPERATIONAL'}]}, electionId=7fffffff0000000000000129, setVersion=44, topologyVersion=TopologyVersion{processId=668c4482b6711b6a7994cfdc, counter=6}, lastWriteDate=Fri Jul 12 10:59:19 CST 2024, lastUpdateTimeNanos=46100161613791}
2024-07-12T10:59:19.907-06:00  INFO 65130 --- [ngodb.net:27017] org.mongodb.driver.cluster               : Monitor thread successfully connected to server with description ServerDescription{address=ac-w9ati3h-shard-00-02.w4fhwmy.mongodb.net:27017, type=REPLICA_SET_SECONDARY, state=CONNECTED, ok=true, minWireVersion=0, maxWireVersion=21, maxDocumentSize=16777216, logicalSessionTimeoutMinutes=30, roundTripTimeNanos=280258041, setName='atlas-10zmcl-shard-0', canonicalAddress=ac-w9ati3h-shard-00-02.w4fhwmy.mongodb.net:27017, hosts=[ac-w9ati3h-shard-00-01.w4fhwmy.mongodb.net:27017, ac-w9ati3h-shard-00-00.w4fhwmy.mongodb.net:27017, ac-w9ati3h-shard-00-02.w4fhwmy.mongodb.net:27017], passives=[], arbiters=[], primary='ac-w9ati3h-shard-00-01.w4fhwmy.mongodb.net:27017', tagSet=TagSet{[Tag{name='availabilityZone', value='use1-az2'}, Tag{name='diskState', value='READY'}, Tag{name='nodeType', value='ELECTABLE'}, Tag{name='provider', value='AWS'}, Tag{name='region', value='US_EAST_1'}, Tag{name='workloadType', value='OPERATIONAL'}]}, electionId=null, setVersion=44, topologyVersion=TopologyVersion{processId=668c46caf09bac2cdcc6e33b, counter=3}, lastWriteDate=Fri Jul 12 10:59:19 CST 2024, lastUpdateTimeNanos=46100161616458}
2024-07-12T10:59:19.908-06:00  INFO 65130 --- [ngodb.net:27017] org.mongodb.driver.cluster               : Monitor thread successfully connected to server with description ServerDescription{address=ac-w9ati3h-shard-00-00.w4fhwmy.mongodb.net:27017, type=REPLICA_SET_SECONDARY, state=CONNECTED, ok=true, minWireVersion=0, maxWireVersion=21, maxDocumentSize=16777216, logicalSessionTimeoutMinutes=30, roundTripTimeNanos=280182958, setName='atlas-10zmcl-shard-0', canonicalAddress=ac-w9ati3h-shard-00-00.w4fhwmy.mongodb.net:27017, hosts=[ac-w9ati3h-shard-00-01.w4fhwmy.mongodb.net:27017, ac-w9ati3h-shard-00-00.w4fhwmy.mongodb.net:27017, ac-w9ati3h-shard-00-02.w4fhwmy.mongodb.net:27017], passives=[], arbiters=[], primary='ac-w9ati3h-shard-00-01.w4fhwmy.mongodb.net:27017', tagSet=TagSet{[Tag{name='availabilityZone', value='use1-az6'}, Tag{name='diskState', value='READY'}, Tag{name='nodeType', value='ELECTABLE'}, Tag{name='provider', value='AWS'}, Tag{name='region', value='US_EAST_1'}, Tag{name='workloadType', value='OPERATIONAL'}]}, electionId=null, setVersion=44, topologyVersion=TopologyVersion{processId=668c4554b859fcd30a84c98c, counter=4}, lastWriteDate=Fri Jul 12 10:59:19 CST 2024, lastUpdateTimeNanos=46100161627000}
2024-07-12T10:59:19.909-06:00  INFO 65130 --- [ngodb.net:27017] org.mongodb.driver.cluster               : Discovered replica set primary ac-w9ati3h-shard-00-01.w4fhwmy.mongodb.net:27017 with max election id 7fffffff0000000000000129 and max set version 44
]]></system-out>
  </testcase>
</testsuite>